<?xml version="1.0" encoding="UTF-8"?>
<testng-results skipped="0" failed="0" ignored="0" total="1" passed="1">
  <reporter-output>
    <line>
      <![CDATA[SeleniumHQ Browser Automation]]>
    </line>
  </reporter-output>
  <suite name="Default suite" duration-ms="33763" started-at="2020-02-28T12:11:45Z" finished-at="2020-02-28T12:12:19Z">
    <groups>
    </groups>
    <test name="Default test" duration-ms="33763" started-at="2020-02-28T12:11:45Z" finished-at="2020-02-28T12:12:19Z">
      <class name="typroject.TC_01">
        <test-method status="PASS" signature="testone()[pri:0, instance:typroject.TC_01@4edc67]" name="testone" duration-ms="33659" started-at="2020-02-28T12:11:45Z" finished-at="2020-02-28T12:12:19Z">
          <reporter-output>
            <line>
              <![CDATA[SeleniumHQ Browser Automation]]>
            </line>
          </reporter-output>
        </test-method> <!-- testone -->
      </class> <!-- typroject.TC_01 -->
    </test> <!-- Default test -->
  </suite> <!-- Default suite -->
</testng-results>
